<?xml version="1.0" encoding="UTF-8"?>
<testng-results ignored="0" total="2" passed="2" failed="0" skipped="0">
  <reporter-output>
  </reporter-output>
  <suite started-at="2024-05-10T11:48:33 IST" name="Suite" finished-at="2024-05-10T11:49:12 IST" duration-ms="39243">
    <groups>
      <group name="purchase">
        <method signature="submitOrderTest.submitOrder(java.util.HashMap)[pri:0, instance:rahulshettyacademy.tests.submitOrderTest@6e9175d8]" name="submitOrder" class="rahulshettyacademy.tests.submitOrderTest"/>
      </group> <!-- purchase -->
    </groups>
    <test started-at="2024-05-10T11:48:33 IST" name="Error Validations Test" finished-at="2024-05-10T11:48:33 IST" duration-ms="40">
    </test> <!-- Error Validations Test -->
    <test started-at="2024-05-10T11:48:33 IST" name="Submit Order Test" finished-at="2024-05-10T11:49:12 IST" duration-ms="39243">
      <class name="rahulshettyacademy.tests.submitOrderTest">
        <test-method is-config="true" signature="launchApplication()[pri:0, instance:rahulshettyacademy.tests.submitOrderTest@6e9175d8]" started-at="2024-05-10T11:48:34 IST" name="launchApplication" finished-at="2024-05-10T11:48:43 IST" duration-ms="9775" status="PASS">
          <reporter-output>
          </reporter-output>
        </test-method> <!-- launchApplication -->
        <test-method signature="submitOrder(java.util.HashMap)[pri:0, instance:rahulshettyacademy.tests.submitOrderTest@6e9175d8]" started-at="2024-05-10T11:48:43 IST" name="submitOrder" data-provider="getData" finished-at="2024-05-10T11:48:56 IST" duration-ms="12865" status="PASS">
          <params>
            <param index="0">
              <value>
                <![CDATA[{password=Sh@nm@thi8*, product=ZARA COAT 3, email=sanjud@gmail.com}]]>
              </value>
            </param>
          </params>
          <reporter-output>
          </reporter-output>
        </test-method> <!-- submitOrder -->
        <test-method is-config="true" signature="tearDown()[pri:0, instance:rahulshettyacademy.tests.submitOrderTest@6e9175d8]" started-at="2024-05-10T11:48:56 IST" name="tearDown" finished-at="2024-05-10T11:48:56 IST" duration-ms="69" status="PASS">
          <reporter-output>
          </reporter-output>
        </test-method> <!-- tearDown -->
        <test-method is-config="true" signature="launchApplication()[pri:0, instance:rahulshettyacademy.tests.submitOrderTest@6e9175d8]" started-at="2024-05-10T11:48:56 IST" name="launchApplication" finished-at="2024-05-10T11:48:59 IST" duration-ms="3118" status="PASS">
          <reporter-output>
          </reporter-output>
        </test-method> <!-- launchApplication -->
        <test-method signature="submitOrder(java.util.HashMap)[pri:0, instance:rahulshettyacademy.tests.submitOrderTest@6e9175d8]" started-at="2024-05-10T11:48:59 IST" name="submitOrder" data-provider="getData" finished-at="2024-05-10T11:49:12 IST" duration-ms="12840" status="PASS">
          <params>
            <param index="0">
              <value>
                <![CDATA[{password=Sh@nm@thi8*, product=ADIDAS ORIGINAL, email=arung@gmail.com}]]>
              </value>
            </param>
          </params>
          <reporter-output>
          </reporter-output>
        </test-method> <!-- submitOrder -->
        <test-method is-config="true" signature="tearDown()[pri:0, instance:rahulshettyacademy.tests.submitOrderTest@6e9175d8]" started-at="2024-05-10T11:49:12 IST" name="tearDown" finished-at="2024-05-10T11:49:12 IST" duration-ms="67" status="PASS">
          <reporter-output>
          </reporter-output>
        </test-method> <!-- tearDown -->
      </class> <!-- rahulshettyacademy.tests.submitOrderTest -->
    </test> <!-- Submit Order Test -->
  </suite> <!-- Suite -->
</testng-results>
