<?xml version="1.0" encoding="UTF-8"?>
<!-- Generated by org.testng.reporters.JUnitXMLReporter -->
<testsuite ignored="2" hostname="LAPTOP-V31DEUKA" failures="0" tests="0" time="0.04" errors="0" timestamp="2024-05-10T11:48:33 IST">
  <testcase classname="rahulshettyacademy.tests.ErrorValidationsTest" name="loginErrorValidation" time="0.0">
    <ignored/>
  </testcase> <!-- loginErrorValidation -->
  <testcase classname="rahulshettyacademy.tests.ErrorValidationsTest" name="productErrorValidation" time="0.0">
    <ignored/>
  </testcase> <!-- productErrorValidation -->
</testsuite>
