<?xml version="1.0" encoding="UTF-8"?>
<!-- Generated by org.testng.reporters.JUnitXMLReporter -->
<testsuite ignored="1" hostname="LAPTOP-V31DEUKA" failures="0" tests="2" name="Submit Order Test" time="39.243" errors="0" timestamp="2024-05-10T11:49:12 IST">
  <testcase classname="rahulshettyacademy.tests.submitOrderTest" name="submitOrder" time="12.865"/>
  <testcase classname="rahulshettyacademy.tests.submitOrderTest" name="submitOrder" time="12.84"/>
  <testcase classname="rahulshettyacademy.tests.submitOrderTest" name="validateOrder" time="0.0">
    <ignored/>
  </testcase> <!-- validateOrder -->
</testsuite> <!-- Submit Order Test -->
